<?xml version="1.0" encoding="UTF-8"?>
<!-- Generated by org.testng.reporters.JUnitReportReporter -->
<testsuite skipped="0" hostname="Rabi-PC" name="demo.Sample" tests="1" failures="0" timestamp="26 Apr 2019 06:44:46 GMT" time="41.013" errors="0">
  <testcase name="scenario1" time="41.013" classname="demo.Sample"/>
</testsuite> <!-- demo.Sample -->
